<?xml version="1.0" encoding="UTF-8"?>
<coverage generated="1779519432054" clover="3.2.0">
  <project timestamp="1779519432054" name="All files">
    <metrics statements="141" coveredstatements="132" conditionals="83" coveredconditionals="71" methods="13" coveredmethods="13" elements="237" coveredelements="216" complexity="0" loc="141" ncloc="141" packages="1" files="2" classes="2"/>
    <file name="calculator.js" path="/Users/wjy/multica_workspaces_desktop-api.multica.ai/2fd2732f-4029-492d-ab09-8a3845906e26/e35ab0a7/workdir/repo/src/calculator.js">
      <metrics statements="97" coveredstatements="90" conditionals="42" coveredconditionals="32" methods="7" coveredmethods="7"/>
      <line num="5" count="1" type="stmt"/>
      <line num="11" count="26" type="cond" truecount="1" falsecount="1"/>
      <line num="18" count="6" type="stmt"/>
      <line num="19" count="6" type="stmt"/>
      <line num="20" count="20" type="cond" truecount="2" falsecount="0"/>
      <line num="21" count="19" type="stmt"/>
      <line num="23" count="1" type="stmt"/>
      <line num="26" count="6" type="stmt"/>
      <line num="36" count="3" type="stmt"/>
      <line num="37" count="3" type="stmt"/>
      <line num="38" count="3" type="stmt"/>
      <line num="39" count="3" type="stmt"/>
      <line num="40" count="7" type="stmt"/>
      <line num="41" count="7" type="stmt"/>
      <line num="43" count="3" type="stmt"/>
      <line num="51" count="8" type="stmt"/>
      <line num="52" count="8" type="stmt"/>
      <line num="53" count="8" type="stmt"/>
      <line num="55" count="8" type="stmt"/>
      <line num="56" count="8" type="stmt"/>
      <line num="57" count="18" type="stmt"/>
      <line num="58" count="18" type="stmt"/>
      <line num="61" count="18" type="stmt"/>
      <line num="62" count="18" type="stmt"/>
      <line num="64" count="18" type="stmt"/>
      <line num="69" count="18" type="stmt"/>
      <line num="70" count="18" type="stmt"/>
      <line num="72" count="8" type="stmt"/>
      <line num="81" count="9" type="stmt"/>
      <line num="82" count="9" type="stmt"/>
      <line num="83" count="9" type="stmt"/>
      <line num="84" count="28" type="cond" truecount="2" falsecount="0"/>
      <line num="85" count="27" type="cond" truecount="2" falsecount="0"/>
      <line num="86" count="27" type="stmt"/>
      <line num="87" count="27" type="cond" truecount="2" falsecount="0"/>
      <line num="89" count="9" type="cond" truecount="3" falsecount="1"/>
      <line num="106" count="8" type="stmt"/>
      <line num="107" count="8" type="cond" truecount="2" falsecount="0"/>
      <line num="108" count="2" type="stmt"/>
      <line num="109" count="2" type="stmt"/>
      <line num="110" count="2" type="stmt"/>
      <line num="111" count="2" type="stmt"/>
      <line num="112" count="2" type="stmt"/>
      <line num="115" count="6" type="stmt"/>
      <line num="118" count="6" type="stmt"/>
      <line num="119" count="6" type="stmt"/>
      <line num="121" count="6" type="cond" truecount="1" falsecount="1"/>
      <line num="122" count="0" type="stmt"/>
      <line num="123" count="0" type="stmt"/>
      <line num="124" count="0" type="stmt"/>
      <line num="126" count="6" type="cond" truecount="1" falsecount="1"/>
      <line num="127" count="0" type="stmt"/>
      <line num="128" count="0" type="stmt"/>
      <line num="129" count="0" type="stmt"/>
      <line num="134" count="6" type="cond" truecount="2" falsecount="0"/>
      <line num="139" count="6" type="stmt"/>
      <line num="140" count="6" type="stmt"/>
      <line num="141" count="6" type="stmt"/>
      <line num="143" count="6" type="stmt"/>
      <line num="144" count="11" type="stmt"/>
      <line num="145" count="11" type="cond" truecount="1" falsecount="1"/>
      <line num="146" count="11" type="stmt"/>
      <line num="147" count="11" type="stmt"/>
      <line num="148" count="11" type="stmt"/>
      <line num="149" count="11" type="stmt"/>
      <line num="150" count="11" type="stmt"/>
      <line num="151" count="11" type="stmt"/>
      <line num="154" count="6" type="stmt"/>
      <line num="157" count="6" type="stmt"/>
      <line num="158" count="6" type="stmt"/>
      <line num="159" count="6" type="stmt"/>
      <line num="161" count="6" type="stmt"/>
      <line num="162" count="20" type="cond" truecount="1" falsecount="1"/>
      <line num="163" count="20" type="cond" truecount="2" falsecount="0"/>
      <line num="166" count="19" type="stmt"/>
      <line num="167" count="40" type="cond" truecount="2" falsecount="0"/>
      <line num="168" count="11" type="stmt"/>
      <line num="172" count="19" type="stmt"/>
      <line num="173" count="19" type="cond" truecount="1" falsecount="1"/>
      <line num="174" count="19" type="stmt"/>
      <line num="175" count="19" type="cond" truecount="2" falsecount="0"/>
      <line num="177" count="0" type="stmt"/>
      <line num="181" count="6" type="stmt"/>
      <line num="184" count="6" type="stmt"/>
      <line num="185" count="6" type="stmt"/>
      <line num="186" count="6" type="stmt"/>
      <line num="187" count="6" type="stmt"/>
      <line num="188" count="20" type="cond" truecount="1" falsecount="1"/>
      <line num="189" count="20" type="cond" truecount="2" falsecount="0"/>
      <line num="190" count="19" type="stmt"/>
      <line num="193" count="6" type="stmt"/>
      <line num="194" count="6" type="stmt"/>
      <line num="195" count="6" type="cond" truecount="1" falsecount="1"/>
      <line num="197" count="6" type="stmt"/>
      <line num="199" count="6" type="cond" truecount="1" falsecount="1"/>
      <line num="201" count="6" type="stmt"/>
      <line num="219" count="1" type="stmt"/>
    </file>
    <file name="validation.js" path="/Users/wjy/multica_workspaces_desktop-api.multica.ai/2fd2732f-4029-492d-ab09-8a3845906e26/e35ab0a7/workdir/repo/src/validation.js">
      <metrics statements="44" coveredstatements="42" conditionals="41" coveredconditionals="39" methods="6" coveredmethods="6"/>
      <line num="11" count="37" type="stmt"/>
      <line num="22" count="14" type="stmt"/>
      <line num="24" count="14" type="cond" truecount="4" falsecount="0"/>
      <line num="25" count="1" type="stmt"/>
      <line num="26" count="1" type="stmt"/>
      <line num="29" count="13" type="stmt"/>
      <line num="30" count="13" type="stmt"/>
      <line num="32" count="13" type="stmt"/>
      <line num="33" count="29" type="stmt"/>
      <line num="35" count="29" type="cond" truecount="2" falsecount="0"/>
      <line num="36" count="1" type="stmt"/>
      <line num="41" count="1" type="stmt"/>
      <line num="44" count="28" type="cond" truecount="2" falsecount="0"/>
      <line num="45" count="2" type="stmt"/>
      <line num="51" count="28" type="stmt"/>
      <line num="53" count="28" type="stmt"/>
      <line num="54" count="28" type="cond" truecount="4" falsecount="0"/>
      <line num="55" count="1" type="stmt"/>
      <line num="63" count="13" type="cond" truecount="2" falsecount="0"/>
      <line num="66" count="9" type="stmt"/>
      <line num="67" count="9" type="stmt"/>
      <line num="68" count="9" type="stmt"/>
      <line num="70" count="9" type="cond" truecount="2" falsecount="0"/>
      <line num="71" count="2" type="stmt"/>
      <line num="76" count="9" type="cond" truecount="2" falsecount="0"/>
      <line num="77" count="1" type="stmt"/>
      <line num="83" count="9" type="stmt"/>
      <line num="91" count="4" type="stmt"/>
      <line num="93" count="4" type="cond" truecount="6" falsecount="0"/>
      <line num="94" count="1" type="stmt"/>
      <line num="97" count="4" type="stmt"/>
      <line num="98" count="4" type="cond" truecount="1" falsecount="1"/>
      <line num="99" count="0" type="stmt"/>
      <line num="101" count="4" type="cond" truecount="1" falsecount="1"/>
      <line num="102" count="0" type="stmt"/>
      <line num="104" count="4" type="cond" truecount="5" falsecount="0"/>
      <line num="105" count="1" type="stmt"/>
      <line num="108" count="4" type="stmt"/>
      <line num="109" count="4" type="cond" truecount="4" falsecount="0"/>
      <line num="110" count="1" type="stmt"/>
      <line num="116" count="4" type="cond" truecount="4" falsecount="0"/>
      <line num="117" count="1" type="stmt"/>
      <line num="120" count="4" type="stmt"/>
      <line num="123" count="1" type="stmt"/>
    </file>
  </project>
</coverage>
