{"/Users/wjy/multica_workspaces_desktop-api.multica.ai/2fd2732f-4029-492d-ab09-8a3845906e26/980d869c/workdir/fund-dca-backtester/src/calculator.js": {"path":"/Users/wjy/multica_workspaces_desktop-api.multica.ai/2fd2732f-4029-492d-ab09-8a3845906e26/980d869c/workdir/fund-dca-backtester/src/calculator.js","statementMap":{"0":{"start":{"line":5,"column":42},"end":{"line":5,"column":65}},"1":{"start":{"line":11,"column":2},"end":{"line":11,"column":65}},"2":{"start":{"line":11,"column":35},"end":{"line":11,"column":55}},"3":{"start":{"line":18,"column":15},"end":{"line":18,"column":19}},"4":{"start":{"line":19,"column":2},"end":{"line":25,"column":3}},"5":{"start":{"line":20,"column":4},"end":{"line":24,"column":5}},"6":{"start":{"line":21,"column":6},"end":{"line":21,"column":17}},"7":{"start":{"line":23,"column":6},"end":{"line":23,"column":12}},"8":{"start":{"line":26,"column":2},"end":{"line":26,"column":16}},"9":{"start":{"line":36,"column":19},"end":{"line":36,"column":21}},"10":{"start":{"line":37,"column":14},"end":{"line":37,"column":48}},"11":{"start":{"line":38,"column":14},"end":{"line":38,"column":46}},"12":{"start":{"line":39,"column":2},"end":{"line":42,"column":3}},"13":{"start":{"line":40,"column":4},"end":{"line":40,"column":50}},"14":{"start":{"line":41,"column":4},"end":{"line":41,"column":41}},"15":{"start":{"line":43,"column":2},"end":{"line":43,"column":18}},"16":{"start":{"line":51,"column":19},"end":{"line":51,"column":21}},"17":{"start":{"line":52,"column":14},"end":{"line":52,"column":48}},"18":{"start":{"line":53,"column":14},"end":{"line":53,"column":46}},"19":{"start":{"line":55,"column":22},"end":{"line":55,"column":38}},"20":{"start":{"line":56,"column":2},"end":{"line":71,"column":3}},"21":{"start":{"line":57,"column":17},"end":{"line":57,"column":37}},"22":{"start":{"line":58,"column":18},"end":{"line":58,"column":35}},"23":{"start":{"line":61,"column":27},"end":{"line":61,"column":65}},"24":{"start":{"line":62,"column":22},"end":{"line":62,"column":72}},"25":{"start":{"line":64,"column":4},"end":{"line":66,"column":6}},"26":{"start":{"line":69,"column":4},"end":{"line":69,"column":22}},"27":{"start":{"line":70,"column":4},"end":{"line":70,"column":43}},"28":{"start":{"line":72,"column":2},"end":{"line":72,"column":18}},"29":{"start":{"line":81,"column":13},"end":{"line":81,"column":14}},"30":{"start":{"line":82,"column":20},"end":{"line":82,"column":21}},"31":{"start":{"line":83,"column":2},"end":{"line":88,"column":3}},"32":{"start":{"line":84,"column":4},"end":{"line":84,"column":35}},"33":{"start":{"line":84,"column":26},"end":{"line":84,"column":35}},"34":{"start":{"line":85,"column":4},"end":{"line":85,"column":47}},"35":{"start":{"line":85,"column":28},"end":{"line":85,"column":47}},"36":{"start":{"line":86,"column":21},"end":{"line":86,"column":48}},"37":{"start":{"line":87,"column":4},"end":{"line":87,"column":55}},"38":{"start":{"line":87,"column":32},"end":{"line":87,"column":55}},"39":{"start":{"line":89,"column":2},"end":{"line":89,"column":59}},"40":{"start":{"line":106,"column":17},"end":{"line":106,"column":61}},"41":{"start":{"line":107,"column":2},"end":{"line":113,"column":3}},"42":{"start":{"line":108,"column":14},"end":{"line":108,"column":23}},"43":{"start":{"line":109,"column":16},"end":{"line":109,"column":36}},"44":{"start":{"line":110,"column":4},"end":{"line":110,"column":22}},"45":{"start":{"line":111,"column":4},"end":{"line":111,"column":28}},"46":{"start":{"line":112,"column":4},"end":{"line":112,"column":14}},"47":{"start":{"line":115,"column":17},"end":{"line":115,"column":38}},"48":{"start":{"line":118,"column":19},"end":{"line":118,"column":54}},"49":{"start":{"line":119,"column":18},"end":{"line":119,"column":52}},"50":{"start":{"line":121,"column":2},"end":{"line":125,"column":3}},"51":{"start":{"line":122,"column":16},"end":{"line":122,"column":45}},"52":{"start":{"line":123,"column":4},"end":{"line":123,"column":36}},"53":{"start":{"line":124,"column":4},"end":{"line":124,"column":14}},"54":{"start":{"line":126,"column":2},"end":{"line":130,"column":3}},"55":{"start":{"line":127,"column":16},"end":{"line":127,"column":45}},"56":{"start":{"line":128,"column":4},"end":{"line":128,"column":35}},"57":{"start":{"line":129,"column":4},"end":{"line":129,"column":14}},"58":{"start":{"line":134,"column":4},"end":{"line":136,"column":51}},"59":{"start":{"line":139,"column":22},"end":{"line":139,"column":23}},"60":{"start":{"line":140,"column":22},"end":{"line":140,"column":23}},"61":{"start":{"line":141,"column":20},"end":{"line":141,"column":22}},"62":{"start":{"line":143,"column":2},"end":{"line":152,"column":3}},"63":{"start":{"line":144,"column":22},"end":{"line":144,"column":57}},"64":{"start":{"line":145,"column":4},"end":{"line":145,"column":29}},"65":{"start":{"line":145,"column":20},"end":{"line":145,"column":29}},"66":{"start":{"line":146,"column":20},"end":{"line":146,"column":34}},"67":{"start":{"line":147,"column":16},"end":{"line":147,"column":29}},"68":{"start":{"line":148,"column":19},"end":{"line":148,"column":39}},"69":{"start":{"line":149,"column":4},"end":{"line":149,"column":28}},"70":{"start":{"line":150,"column":4},"end":{"line":150,"column":23}},"71":{"start":{"line":151,"column":4},"end":{"line":151,"column":95}},"72":{"start":{"line":154,"column":24},"end":{"line":154,"column":54}},"73":{"start":{"line":157,"column":19},"end":{"line":157,"column":21}},"74":{"start":{"line":158,"column":22},"end":{"line":158,"column":23}},"75":{"start":{"line":159,"column":16},"end":{"line":159,"column":17}},"76":{"start":{"line":161,"column":2},"end":{"line":179,"column":3}},"77":{"start":{"line":162,"column":4},"end":{"line":162,"column":49}},"78":{"start":{"line":162,"column":40},"end":{"line":162,"column":49}},"79":{"start":{"line":163,"column":4},"end":{"line":163,"column":45}},"80":{"start":{"line":163,"column":39},"end":{"line":163,"column":45}},"81":{"start":{"line":166,"column":4},"end":{"line":170,"column":5}},"82":{"start":{"line":167,"column":6},"end":{"line":169,"column":7}},"83":{"start":{"line":168,"column":8},"end":{"line":168,"column":34}},"84":{"start":{"line":172,"column":18},"end":{"line":172,"column":47}},"85":{"start":{"line":173,"column":4},"end":{"line":178,"column":5}},"86":{"start":{"line":174,"column":6},"end":{"line":174,"column":53}},"87":{"start":{"line":175,"column":6},"end":{"line":175,"column":43}},"88":{"start":{"line":175,"column":27},"end":{"line":175,"column":43}},"89":{"start":{"line":177,"column":6},"end":{"line":177,"column":56}},"90":{"start":{"line":181,"column":22},"end":{"line":181,"column":50}},"91":{"start":{"line":184,"column":24},"end":{"line":184,"column":37}},"92":{"start":{"line":185,"column":24},"end":{"line":185,"column":52}},"93":{"start":{"line":186,"column":23},"end":{"line":186,"column":25}},"94":{"start":{"line":187,"column":2},"end":{"line":191,"column":3}},"95":{"start":{"line":188,"column":4},"end":{"line":188,"column":49}},"96":{"start":{"line":188,"column":40},"end":{"line":188,"column":49}},"97":{"start":{"line":189,"column":4},"end":{"line":189,"column":45}},"98":{"start":{"line":189,"column":39},"end":{"line":189,"column":45}},"99":{"start":{"line":190,"column":4},"end":{"line":190,"column":86}},"100":{"start":{"line":193,"column":23},"end":{"line":193,"column":50}},"101":{"start":{"line":194,"column":22},"end":{"line":194,"column":50}},"102":{"start":{"line":195,"column":26},"end":{"line":195,"column":77}},"103":{"start":{"line":197,"column":30},"end":{"line":197,"column":57}},"104":{"start":{"line":199,"column":4},"end":{"line":199,"column":81}},"105":{"start":{"line":201,"column":2},"end":{"line":217,"column":4}},"106":{"start":{"line":212,"column":35},"end":{"line":212,"column":84}},"107":{"start":{"line":220,"column":0},"end":{"line":220,"column":102}}},"fnMap":{"0":{"name":"findNavOnOrAfter","decl":{"start":{"line":10,"column":9},"end":{"line":10,"column":25}},"loc":{"start":{"line":10,"column":53},"end":{"line":12,"column":1}},"line":10},"1":{"name":"(anonymous_1)","decl":{"start":{"line":11,"column":28},"end":{"line":11,"column":29}},"loc":{"start":{"line":11,"column":35},"end":{"line":11,"column":55}},"line":11},"2":{"name":"findNavOnOrBefore","decl":{"start":{"line":17,"column":9},"end":{"line":17,"column":26}},"loc":{"start":{"line":17,"column":54},"end":{"line":27,"column":1}},"line":17},"3":{"name":"generateWeeklySchedule","decl":{"start":{"line":35,"column":9},"end":{"line":35,"column":31}},"loc":{"start":{"line":35,"column":52},"end":{"line":44,"column":1}},"line":35},"4":{"name":"generateMonthlySchedule","decl":{"start":{"line":50,"column":9},"end":{"line":50,"column":32}},"loc":{"start":{"line":50,"column":53},"end":{"line":73,"column":1}},"line":50},"5":{"name":"computeMaxDrawdown","decl":{"start":{"line":80,"column":9},"end":{"line":80,"column":27}},"loc":{"start":{"line":80,"column":35},"end":{"line":90,"column":1}},"line":80},"6":{"name":"runBacktest","decl":{"start":{"line":104,"column":9},"end":{"line":104,"column":20}},"loc":{"start":{"line":104,"column":91},"end":{"line":218,"column":1}},"line":104},"7":{"name":"(anonymous_7)","decl":{"start":{"line":212,"column":30},"end":{"line":212,"column":31}},"loc":{"start":{"line":212,"column":35},"end":{"line":212,"column":84}},"line":212}},"branchMap":{"0":{"loc":{"start":{"line":11,"column":9},"end":{"line":11,"column":64}},"type":"binary-expr","locations":[{"start":{"line":11,"column":9},"end":{"line":11,"column":56}},{"start":{"line":11,"column":60},"end":{"line":11,"column":64}}],"line":11},"1":{"loc":{"start":{"line":20,"column":4},"end":{"line":24,"column":5}},"type":"if","locations":[{"start":{"line":20,"column":4},"end":{"line":24,"column":5}},{"start":{"line":22,"column":11},"end":{"line":24,"column":5}}],"line":20},"2":{"loc":{"start":{"line":84,"column":4},"end":{"line":84,"column":35}},"type":"if","locations":[{"start":{"line":84,"column":4},"end":{"line":84,"column":35}},{"start":{},"end":{}}],"line":84},"3":{"loc":{"start":{"line":85,"column":4},"end":{"line":85,"column":47}},"type":"if","locations":[{"start":{"line":85,"column":4},"end":{"line":85,"column":47}},{"start":{},"end":{}}],"line":85},"4":{"loc":{"start":{"line":87,"column":4},"end":{"line":87,"column":55}},"type":"if","locations":[{"start":{"line":87,"column":4},"end":{"line":87,"column":55}},{"start":{},"end":{}}],"line":87},"5":{"loc":{"start":{"line":89,"column":9},"end":{"line":89,"column":58}},"type":"cond-expr","locations":[{"start":{"line":89,"column":43},"end":{"line":89,"column":44}},{"start":{"line":89,"column":47},"end":{"line":89,"column":58}}],"line":89},"6":{"loc":{"start":{"line":89,"column":9},"end":{"line":89,"column":40}},"type":"binary-expr","locations":[{"start":{"line":89,"column":9},"end":{"line":89,"column":26}},{"start":{"line":89,"column":30},"end":{"line":89,"column":40}}],"line":89},"7":{"loc":{"start":{"line":107,"column":2},"end":{"line":113,"column":3}},"type":"if","locations":[{"start":{"line":107,"column":2},"end":{"line":113,"column":3}},{"start":{},"end":{}}],"line":107},"8":{"loc":{"start":{"line":121,"column":2},"end":{"line":125,"column":3}},"type":"if","locations":[{"start":{"line":121,"column":2},"end":{"line":125,"column":3}},{"start":{},"end":{}}],"line":121},"9":{"loc":{"start":{"line":126,"column":2},"end":{"line":130,"column":3}},"type":"if","locations":[{"start":{"line":126,"column":2},"end":{"line":130,"column":3}},{"start":{},"end":{}}],"line":126},"10":{"loc":{"start":{"line":134,"column":4},"end":{"line":136,"column":51}},"type":"cond-expr","locations":[{"start":{"line":135,"column":8},"end":{"line":135,"column":50}},{"start":{"line":136,"column":8},"end":{"line":136,"column":51}}],"line":134},"11":{"loc":{"start":{"line":145,"column":4},"end":{"line":145,"column":29}},"type":"if","locations":[{"start":{"line":145,"column":4},"end":{"line":145,"column":29}},{"start":{},"end":{}}],"line":145},"12":{"loc":{"start":{"line":162,"column":4},"end":{"line":162,"column":49}},"type":"if","locations":[{"start":{"line":162,"column":4},"end":{"line":162,"column":49}},{"start":{},"end":{}}],"line":162},"13":{"loc":{"start":{"line":163,"column":4},"end":{"line":163,"column":45}},"type":"if","locations":[{"start":{"line":163,"column":4},"end":{"line":163,"column":45}},{"start":{},"end":{}}],"line":163},"14":{"loc":{"start":{"line":167,"column":6},"end":{"line":169,"column":7}},"type":"if","locations":[{"start":{"line":167,"column":6},"end":{"line":169,"column":7}},{"start":{},"end":{}}],"line":167},"15":{"loc":{"start":{"line":173,"column":4},"end":{"line":178,"column":5}},"type":"if","locations":[{"start":{"line":173,"column":4},"end":{"line":178,"column":5}},{"start":{"line":176,"column":11},"end":{"line":178,"column":5}}],"line":173},"16":{"loc":{"start":{"line":175,"column":6},"end":{"line":175,"column":43}},"type":"if","locations":[{"start":{"line":175,"column":6},"end":{"line":175,"column":43}},{"start":{},"end":{}}],"line":175},"17":{"loc":{"start":{"line":188,"column":4},"end":{"line":188,"column":49}},"type":"if","locations":[{"start":{"line":188,"column":4},"end":{"line":188,"column":49}},{"start":{},"end":{}}],"line":188},"18":{"loc":{"start":{"line":189,"column":4},"end":{"line":189,"column":45}},"type":"if","locations":[{"start":{"line":189,"column":4},"end":{"line":189,"column":45}},{"start":{},"end":{}}],"line":189},"19":{"loc":{"start":{"line":195,"column":26},"end":{"line":195,"column":77}},"type":"cond-expr","locations":[{"start":{"line":195,"column":46},"end":{"line":195,"column":73}},{"start":{"line":195,"column":76},"end":{"line":195,"column":77}}],"line":195},"20":{"loc":{"start":{"line":199,"column":4},"end":{"line":199,"column":81}},"type":"cond-expr","locations":[{"start":{"line":199,"column":24},"end":{"line":199,"column":77}},{"start":{"line":199,"column":80},"end":{"line":199,"column":81}}],"line":199},"21":{"loc":{"start":{"line":212,"column":35},"end":{"line":212,"column":84}},"type":"binary-expr","locations":[{"start":{"line":212,"column":35},"end":{"line":212,"column":58}},{"start":{"line":212,"column":62},"end":{"line":212,"column":84}}],"line":212}},"s":{"0":1,"1":17,"2":26,"3":6,"4":6,"5":20,"6":19,"7":1,"8":6,"9":3,"10":3,"11":3,"12":3,"13":7,"14":7,"15":3,"16":8,"17":8,"18":8,"19":8,"20":8,"21":18,"22":18,"23":18,"24":18,"25":18,"26":18,"27":18,"28":8,"29":9,"30":9,"31":9,"32":28,"33":1,"34":27,"35":23,"36":27,"37":27,"38":2,"39":9,"40":8,"41":8,"42":2,"43":2,"44":2,"45":2,"46":2,"47":6,"48":6,"49":6,"50":6,"51":0,"52":0,"53":0,"54":6,"55":0,"56":0,"57":0,"58":6,"59":6,"60":6,"61":6,"62":6,"63":11,"64":11,"65":0,"66":11,"67":11,"68":11,"69":11,"70":11,"71":11,"72":6,"73":6,"74":6,"75":6,"76":6,"77":20,"78":0,"79":20,"80":1,"81":19,"82":40,"83":11,"84":19,"85":19,"86":19,"87":19,"88":17,"89":0,"90":6,"91":6,"92":6,"93":6,"94":6,"95":20,"96":0,"97":20,"98":1,"99":19,"100":6,"101":6,"102":6,"103":6,"104":6,"105":6,"106":20,"107":1},"f":{"0":17,"1":26,"2":6,"3":3,"4":8,"5":9,"6":8,"7":20},"b":{"0":[17,0],"1":[19,1],"2":[1,27],"3":[23,4],"4":[2,25],"5":[0,9],"6":[9,7],"7":[2,6],"8":[0,6],"9":[0,6],"10":[1,5],"11":[0,11],"12":[0,20],"13":[1,19],"14":[11,29],"15":[19,0],"16":[17,2],"17":[0,20],"18":[1,19],"19":[6,0],"20":[6,0],"21":[20,20]},"_coverageSchema":"1a1c01bbd47fc00a2c39e90264f33305004495a9","hash":"c7c8c11ac7ae931a48e8bb1acb0b9428888736f3"}
,"/Users/wjy/multica_workspaces_desktop-api.multica.ai/2fd2732f-4029-492d-ab09-8a3845906e26/980d869c/workdir/fund-dca-backtester/src/validation.js": {"path":"/Users/wjy/multica_workspaces_desktop-api.multica.ai/2fd2732f-4029-492d-ab09-8a3845906e26/980d869c/workdir/fund-dca-backtester/src/validation.js","statementMap":{"0":{"start":{"line":11,"column":2},"end":{"line":11,"column":67}},"1":{"start":{"line":11,"column":37},"end":{"line":11,"column":65}},"2":{"start":{"line":22,"column":17},"end":{"line":22,"column":19}},"3":{"start":{"line":24,"column":2},"end":{"line":27,"column":3}},"4":{"start":{"line":25,"column":4},"end":{"line":25,"column":69}},"5":{"start":{"line":26,"column":4},"end":{"line":26,"column":18}},"6":{"start":{"line":29,"column":15},"end":{"line":29,"column":24}},"7":{"start":{"line":30,"column":20},"end":{"line":30,"column":41}},"8":{"start":{"line":32,"column":2},"end":{"line":61,"column":3}},"9":{"start":{"line":32,"column":15},"end":{"line":32,"column":16}},"10":{"start":{"line":33,"column":14},"end":{"line":33,"column":24}},"11":{"start":{"line":35,"column":4},"end":{"line":42,"column":5}},"12":{"start":{"line":36,"column":6},"end":{"line":40,"column":9}},"13":{"start":{"line":41,"column":6},"end":{"line":41,"column":15}},"14":{"start":{"line":44,"column":4},"end":{"line":50,"column":5}},"15":{"start":{"line":45,"column":6},"end":{"line":49,"column":9}},"16":{"start":{"line":51,"column":4},"end":{"line":51,"column":21}},"17":{"start":{"line":53,"column":16},"end":{"line":53,"column":29}},"18":{"start":{"line":54,"column":4},"end":{"line":60,"column":5}},"19":{"start":{"line":55,"column":6},"end":{"line":59,"column":9}},"20":{"start":{"line":63,"column":2},"end":{"line":63,"column":39}},"21":{"start":{"line":63,"column":25},"end":{"line":63,"column":39}},"22":{"start":{"line":66,"column":17},"end":{"line":66,"column":38}},"23":{"start":{"line":67,"column":24},"end":{"line":67,"column":63}},"24":{"start":{"line":67,"column":43},"end":{"line":67,"column":62}},"25":{"start":{"line":68,"column":23},"end":{"line":68,"column":60}},"26":{"start":{"line":68,"column":42},"end":{"line":68,"column":59}},"27":{"start":{"line":70,"column":2},"end":{"line":75,"column":3}},"28":{"start":{"line":71,"column":4},"end":{"line":74,"column":7}},"29":{"start":{"line":76,"column":2},"end":{"line":81,"column":3}},"30":{"start":{"line":77,"column":4},"end":{"line":80,"column":7}},"31":{"start":{"line":83,"column":2},"end":{"line":83,"column":16}},"32":{"start":{"line":91,"column":17},"end":{"line":91,"column":19}},"33":{"start":{"line":93,"column":2},"end":{"line":95,"column":3}},"34":{"start":{"line":94,"column":4},"end":{"line":94,"column":77}},"35":{"start":{"line":97,"column":20},"end":{"line":97,"column":41}},"36":{"start":{"line":98,"column":2},"end":{"line":100,"column":3}},"37":{"start":{"line":99,"column":4},"end":{"line":99,"column":101}},"38":{"start":{"line":101,"column":2},"end":{"line":103,"column":3}},"39":{"start":{"line":102,"column":4},"end":{"line":102,"column":97}},"40":{"start":{"line":104,"column":2},"end":{"line":106,"column":3}},"41":{"start":{"line":105,"column":4},"end":{"line":105,"column":75}},"42":{"start":{"line":108,"column":17},"end":{"line":108,"column":39}},"43":{"start":{"line":109,"column":2},"end":{"line":114,"column":3}},"44":{"start":{"line":110,"column":4},"end":{"line":113,"column":7}},"45":{"start":{"line":116,"column":2},"end":{"line":118,"column":3}},"46":{"start":{"line":117,"column":4},"end":{"line":117,"column":84}},"47":{"start":{"line":120,"column":2},"end":{"line":120,"column":16}},"48":{"start":{"line":123,"column":0},"end":{"line":123,"column":68}}},"fnMap":{"0":{"name":"parseNavData","decl":{"start":{"line":10,"column":9},"end":{"line":10,"column":21}},"loc":{"start":{"line":10,"column":31},"end":{"line":12,"column":1}},"line":10},"1":{"name":"(anonymous_1)","decl":{"start":{"line":11,"column":27},"end":{"line":11,"column":28}},"loc":{"start":{"line":11,"column":37},"end":{"line":11,"column":65}},"line":11},"2":{"name":"validateNavData","decl":{"start":{"line":21,"column":9},"end":{"line":21,"column":24}},"loc":{"start":{"line":21,"column":54},"end":{"line":84,"column":1}},"line":21},"3":{"name":"(anonymous_3)","decl":{"start":{"line":67,"column":36},"end":{"line":67,"column":37}},"loc":{"start":{"line":67,"column":43},"end":{"line":67,"column":62}},"line":67},"4":{"name":"(anonymous_4)","decl":{"start":{"line":68,"column":35},"end":{"line":68,"column":36}},"loc":{"start":{"line":68,"column":42},"end":{"line":68,"column":59}},"line":68},"5":{"name":"validateRequest","decl":{"start":{"line":90,"column":9},"end":{"line":90,"column":24}},"loc":{"start":{"line":90,"column":95},"end":{"line":121,"column":1}},"line":90}},"branchMap":{"0":{"loc":{"start":{"line":24,"column":2},"end":{"line":27,"column":3}},"type":"if","locations":[{"start":{"line":24,"column":2},"end":{"line":27,"column":3}},{"start":{},"end":{}}],"line":24},"1":{"loc":{"start":{"line":24,"column":6},"end":{"line":24,"column":53}},"type":"binary-expr","locations":[{"start":{"line":24,"column":6},"end":{"line":24,"column":29}},{"start":{"line":24,"column":33},"end":{"line":24,"column":53}}],"line":24},"2":{"loc":{"start":{"line":35,"column":4},"end":{"line":42,"column":5}},"type":"if","locations":[{"start":{"line":35,"column":4},"end":{"line":42,"column":5}},{"start":{},"end":{}}],"line":35},"3":{"loc":{"start":{"line":44,"column":4},"end":{"line":50,"column":5}},"type":"if","locations":[{"start":{"line":44,"column":4},"end":{"line":50,"column":5}},{"start":{},"end":{}}],"line":44},"4":{"loc":{"start":{"line":54,"column":4},"end":{"line":60,"column":5}},"type":"if","locations":[{"start":{"line":54,"column":4},"end":{"line":60,"column":5}},{"start":{},"end":{}}],"line":54},"5":{"loc":{"start":{"line":54,"column":8},"end":{"line":54,"column":30}},"type":"binary-expr","locations":[{"start":{"line":54,"column":8},"end":{"line":54,"column":18}},{"start":{"line":54,"column":22},"end":{"line":54,"column":30}}],"line":54},"6":{"loc":{"start":{"line":63,"column":2},"end":{"line":63,"column":39}},"type":"if","locations":[{"start":{"line":63,"column":2},"end":{"line":63,"column":39}},{"start":{},"end":{}}],"line":63},"7":{"loc":{"start":{"line":70,"column":2},"end":{"line":75,"column":3}},"type":"if","locations":[{"start":{"line":70,"column":2},"end":{"line":75,"column":3}},{"start":{},"end":{}}],"line":70},"8":{"loc":{"start":{"line":76,"column":2},"end":{"line":81,"column":3}},"type":"if","locations":[{"start":{"line":76,"column":2},"end":{"line":81,"column":3}},{"start":{},"end":{}}],"line":76},"9":{"loc":{"start":{"line":93,"column":2},"end":{"line":95,"column":3}},"type":"if","locations":[{"start":{"line":93,"column":2},"end":{"line":95,"column":3}},{"start":{},"end":{}}],"line":93},"10":{"loc":{"start":{"line":93,"column":6},"end":{"line":93,"column":95}},"type":"binary-expr","locations":[{"start":{"line":93,"column":6},"end":{"line":93,"column":15}},{"start":{"line":93,"column":19},"end":{"line":93,"column":47}},{"start":{"line":93,"column":51},"end":{"line":93,"column":70}},{"start":{"line":93,"column":74},"end":{"line":93,"column":95}}],"line":93},"11":{"loc":{"start":{"line":98,"column":2},"end":{"line":100,"column":3}},"type":"if","locations":[{"start":{"line":98,"column":2},"end":{"line":100,"column":3}},{"start":{},"end":{}}],"line":98},"12":{"loc":{"start":{"line":101,"column":2},"end":{"line":103,"column":3}},"type":"if","locations":[{"start":{"line":101,"column":2},"end":{"line":103,"column":3}},{"start":{},"end":{}}],"line":101},"13":{"loc":{"start":{"line":104,"column":2},"end":{"line":106,"column":3}},"type":"if","locations":[{"start":{"line":104,"column":2},"end":{"line":106,"column":3}},{"start":{},"end":{}}],"line":104},"14":{"loc":{"start":{"line":104,"column":6},"end":{"line":104,"column":81}},"type":"binary-expr","locations":[{"start":{"line":104,"column":6},"end":{"line":104,"column":31}},{"start":{"line":104,"column":35},"end":{"line":104,"column":58}},{"start":{"line":104,"column":62},"end":{"line":104,"column":81}}],"line":104},"15":{"loc":{"start":{"line":109,"column":2},"end":{"line":114,"column":3}},"type":"if","locations":[{"start":{"line":109,"column":2},"end":{"line":114,"column":3}},{"start":{},"end":{}}],"line":109},"16":{"loc":{"start":{"line":109,"column":6},"end":{"line":109,"column":34}},"type":"binary-expr","locations":[{"start":{"line":109,"column":6},"end":{"line":109,"column":19}},{"start":{"line":109,"column":23},"end":{"line":109,"column":34}}],"line":109},"17":{"loc":{"start":{"line":116,"column":2},"end":{"line":118,"column":3}},"type":"if","locations":[{"start":{"line":116,"column":2},"end":{"line":118,"column":3}},{"start":{},"end":{}}],"line":116},"18":{"loc":{"start":{"line":116,"column":6},"end":{"line":116,"column":55}},"type":"binary-expr","locations":[{"start":{"line":116,"column":6},"end":{"line":116,"column":28}},{"start":{"line":116,"column":32},"end":{"line":116,"column":55}}],"line":116}},"s":{"0":16,"1":37,"2":14,"3":14,"4":1,"5":1,"6":13,"7":13,"8":13,"9":13,"10":29,"11":29,"12":1,"13":1,"14":28,"15":2,"16":28,"17":28,"18":28,"19":1,"20":13,"21":4,"22":9,"23":9,"24":9,"25":9,"26":9,"27":9,"28":2,"29":9,"30":1,"31":9,"32":4,"33":4,"34":1,"35":4,"36":4,"37":0,"38":4,"39":0,"40":4,"41":1,"42":4,"43":4,"44":1,"45":4,"46":1,"47":4,"48":1},"f":{"0":16,"1":37,"2":14,"3":9,"4":9,"5":4},"b":{"0":[1,13],"1":[14,14],"2":[1,28],"3":[2,26],"4":[1,27],"5":[28,28],"6":[4,9],"7":[2,7],"8":[1,8],"9":[1,3],"10":[4,4,4,4],"11":[0,4],"12":[0,4],"13":[1,3],"14":[4,4,4],"15":[1,3],"16":[4,4],"17":[1,3],"18":[4,4]},"_coverageSchema":"1a1c01bbd47fc00a2c39e90264f33305004495a9","hash":"891885c4c7880e80ee6957de0b42c9dc497d1939"}
}
