TN:
SF:src/calculator.js
FN:10,findNavOnOrAfter
FN:11,(anonymous_1)
FN:17,findNavOnOrBefore
FN:35,generateWeeklySchedule
FN:50,generateMonthlySchedule
FN:80,computeMaxDrawdown
FN:104,runBacktest
FNF:7
FNH:7
FNDA:17,findNavOnOrAfter
FNDA:26,(anonymous_1)
FNDA:6,findNavOnOrBefore
FNDA:3,generateWeeklySchedule
FNDA:8,generateMonthlySchedule
FNDA:9,computeMaxDrawdown
FNDA:8,runBacktest
DA:5,1
DA:11,26
DA:18,6
DA:19,6
DA:20,20
DA:21,19
DA:23,1
DA:26,6
DA:36,3
DA:37,3
DA:38,3
DA:39,3
DA:40,7
DA:41,7
DA:43,3
DA:51,8
DA:52,8
DA:53,8
DA:55,8
DA:56,8
DA:57,18
DA:58,18
DA:61,18
DA:62,18
DA:64,18
DA:69,18
DA:70,18
DA:72,8
DA:81,9
DA:82,9
DA:83,9
DA:84,28
DA:85,27
DA:86,27
DA:87,27
DA:89,9
DA:106,8
DA:107,8
DA:108,2
DA:109,2
DA:110,2
DA:111,2
DA:112,2
DA:115,6
DA:118,6
DA:119,6
DA:121,6
DA:122,0
DA:123,0
DA:124,0
DA:126,6
DA:127,0
DA:128,0
DA:129,0
DA:134,6
DA:139,6
DA:140,6
DA:141,6
DA:143,6
DA:144,11
DA:145,11
DA:146,11
DA:147,11
DA:148,11
DA:149,11
DA:150,11
DA:151,11
DA:154,6
DA:157,6
DA:158,6
DA:159,6
DA:161,6
DA:162,20
DA:163,20
DA:166,19
DA:167,40
DA:168,11
DA:172,19
DA:173,19
DA:174,19
DA:175,19
DA:177,0
DA:181,6
DA:184,6
DA:185,6
DA:186,6
DA:187,6
DA:188,20
DA:189,20
DA:190,19
DA:193,6
DA:194,6
DA:195,6
DA:197,6
DA:199,6
DA:201,6
DA:219,1
LF:97
LH:90
BRDA:11,0,0,17
BRDA:11,0,1,0
BRDA:20,1,0,19
BRDA:20,1,1,1
BRDA:84,2,0,1
BRDA:84,2,1,27
BRDA:85,3,0,23
BRDA:85,3,1,4
BRDA:87,4,0,2
BRDA:87,4,1,25
BRDA:89,5,0,0
BRDA:89,5,1,9
BRDA:89,6,0,9
BRDA:89,6,1,7
BRDA:107,7,0,2
BRDA:107,7,1,6
BRDA:121,8,0,0
BRDA:121,8,1,6
BRDA:126,9,0,0
BRDA:126,9,1,6
BRDA:134,10,0,1
BRDA:134,10,1,5
BRDA:145,11,0,0
BRDA:145,11,1,11
BRDA:162,12,0,0
BRDA:162,12,1,20
BRDA:163,13,0,1
BRDA:163,13,1,19
BRDA:167,14,0,11
BRDA:167,14,1,29
BRDA:173,15,0,19
BRDA:173,15,1,0
BRDA:175,16,0,17
BRDA:175,16,1,2
BRDA:188,17,0,0
BRDA:188,17,1,20
BRDA:189,18,0,1
BRDA:189,18,1,19
BRDA:195,19,0,6
BRDA:195,19,1,0
BRDA:199,20,0,6
BRDA:199,20,1,0
BRF:42
BRH:32
end_of_record
TN:
SF:src/validation.js
FN:10,parseNavData
FN:11,(anonymous_1)
FN:21,validateNavData
FN:67,(anonymous_3)
FN:68,(anonymous_4)
FN:90,validateRequest
FNF:6
FNH:6
FNDA:16,parseNavData
FNDA:37,(anonymous_1)
FNDA:14,validateNavData
FNDA:9,(anonymous_3)
FNDA:9,(anonymous_4)
FNDA:4,validateRequest
DA:11,37
DA:22,14
DA:24,14
DA:25,1
DA:26,1
DA:29,13
DA:30,13
DA:32,13
DA:33,29
DA:35,29
DA:36,1
DA:41,1
DA:44,28
DA:45,2
DA:51,28
DA:53,28
DA:54,28
DA:55,1
DA:63,13
DA:66,9
DA:67,9
DA:68,9
DA:70,9
DA:71,2
DA:76,9
DA:77,1
DA:83,9
DA:91,4
DA:93,4
DA:94,1
DA:97,4
DA:98,4
DA:99,0
DA:101,4
DA:102,0
DA:104,4
DA:105,1
DA:108,4
DA:109,4
DA:110,1
DA:116,4
DA:117,1
DA:120,4
DA:123,1
LF:44
LH:42
BRDA:24,0,0,1
BRDA:24,0,1,13
BRDA:24,1,0,14
BRDA:24,1,1,14
BRDA:35,2,0,1
BRDA:35,2,1,28
BRDA:44,3,0,2
BRDA:44,3,1,26
BRDA:54,4,0,1
BRDA:54,4,1,27
BRDA:54,5,0,28
BRDA:54,5,1,28
BRDA:63,6,0,4
BRDA:63,6,1,9
BRDA:70,7,0,2
BRDA:70,7,1,7
BRDA:76,8,0,1
BRDA:76,8,1,8
BRDA:93,9,0,1
BRDA:93,9,1,3
BRDA:93,10,0,4
BRDA:93,10,1,4
BRDA:93,10,2,4
BRDA:93,10,3,4
BRDA:98,11,0,0
BRDA:98,11,1,4
BRDA:101,12,0,0
BRDA:101,12,1,4
BRDA:104,13,0,1
BRDA:104,13,1,3
BRDA:104,14,0,4
BRDA:104,14,1,4
BRDA:104,14,2,4
BRDA:109,15,0,1
BRDA:109,15,1,3
BRDA:109,16,0,4
BRDA:109,16,1,4
BRDA:116,17,0,1
BRDA:116,17,1,3
BRDA:116,18,0,4
BRDA:116,18,1,4
BRF:41
BRH:39
end_of_record
